Determining if the pthread_create exist failed with the following output:
Change Dir: /home/tevine/CarND-Capstone-master/ros/build/CMakeFiles/CMakeTmp

Run Build Command:"/usr/bin/make" "cmTC_aa577/fast"
/usr/bin/make -f CMakeFiles/cmTC_aa577.dir/build.make CMakeFiles/cmTC_aa577.dir/build
make[1]: Verzeichnis „/home/tevine/CarND-Capstone-master/ros/build/CMakeFiles/CMakeTmp“ wird betreten
Building C object CMakeFiles/cmTC_aa577.dir/CheckSymbolExists.c.o
/usr/bin/cc    -o CMakeFiles/cmTC_aa577.dir/CheckSymbolExists.c.o   -c /home/tevine/CarND-Capstone-master/ros/build/CMakeFiles/CMakeTmp/CheckSymbolExists.c
Linking C executable cmTC_aa577
/usr/local/bin/cmake -E cmake_link_script CMakeFiles/cmTC_aa577.dir/link.txt --verbose=1
/usr/bin/cc      -rdynamic CMakeFiles/cmTC_aa577.dir/CheckSymbolExists.c.o  -o cmTC_aa577 
CMakeFiles/cmTC_aa577.dir/CheckSymbolExists.c.o: In Funktion `main':
CheckSymbolExists.c:(.text+0x16): Nicht definierter Verweis auf `pthread_create'
collect2: error: ld returned 1 exit status
CMakeFiles/cmTC_aa577.dir/build.make:97: die Regel für Ziel „cmTC_aa577“ scheiterte
make[1]: *** [cmTC_aa577] Fehler 1
make[1]: Verzeichnis „/home/tevine/CarND-Capstone-master/ros/build/CMakeFiles/CMakeTmp“ wird verlassen
Makefile:126: die Regel für Ziel „cmTC_aa577/fast“ scheiterte
make: *** [cmTC_aa577/fast] Fehler 2

File /home/tevine/CarND-Capstone-master/ros/build/CMakeFiles/CMakeTmp/CheckSymbolExists.c:
/* */
#include <pthread.h>

int main(int argc, char** argv)
{
  (void)argv;
#ifndef pthread_create
  return ((int*)(&pthread_create))[argc];
#else
  (void)argc;
  return 0;
#endif
}

Determining if the function pthread_create exists in the pthreads failed with the following output:
Change Dir: /home/tevine/CarND-Capstone-master/ros/build/CMakeFiles/CMakeTmp

Run Build Command:"/usr/bin/make" "cmTC_c1b07/fast"
/usr/bin/make -f CMakeFiles/cmTC_c1b07.dir/build.make CMakeFiles/cmTC_c1b07.dir/build
make[1]: Verzeichnis „/home/tevine/CarND-Capstone-master/ros/build/CMakeFiles/CMakeTmp“ wird betreten
Building C object CMakeFiles/cmTC_c1b07.dir/CheckFunctionExists.c.o
/usr/bin/cc   -DCHECK_FUNCTION_EXISTS=pthread_create   -o CMakeFiles/cmTC_c1b07.dir/CheckFunctionExists.c.o   -c /usr/local/share/cmake-3.9/Modules/CheckFunctionExists.c
Linking C executable cmTC_c1b07
/usr/local/bin/cmake -E cmake_link_script CMakeFiles/cmTC_c1b07.dir/link.txt --verbose=1
/usr/bin/cc  -DCHECK_FUNCTION_EXISTS=pthread_create    -rdynamic CMakeFiles/cmTC_c1b07.dir/CheckFunctionExists.c.o  -o cmTC_c1b07 -lpthreads 
/usr/bin/ld: cannot find -lpthreads
collect2: error: ld returned 1 exit status
CMakeFiles/cmTC_c1b07.dir/build.make:97: die Regel für Ziel „cmTC_c1b07“ scheiterte
make[1]: *** [cmTC_c1b07] Fehler 1
make[1]: Verzeichnis „/home/tevine/CarND-Capstone-master/ros/build/CMakeFiles/CMakeTmp“ wird verlassen
Makefile:126: die Regel für Ziel „cmTC_c1b07/fast“ scheiterte
make: *** [cmTC_c1b07/fast] Fehler 2


